# JRE version: Java(TM) SE Runtime Environment (22.0.1+8) (build 22.0.1+8-16)
# Java VM: Java HotSpot(TM) 64-Bit Server VM (22.0.1+8-16, mixed mode, sharing, tiered, compressed oops, compressed class ptrs, g1 gc, windows-amd64)
GC Precious Log:
 CardTable entry size: 512
 Card Set container configuration: InlinePtr #cards 5 size 8 Array Of Cards #cards 12 size 40 Howl #buckets 4 coarsen threshold 1843 Howl Bitmap #cards 512 size 80 coarsen threshold 460 Card regions per heap region 1 cards per card region 2048
 CPUs: 4 total, 4 available
 Memory: 1952M
 Large Page Support: Disabled
 NUMA Support: Disabled
 Compressed Oops: Enabled (32-bit)
 Heap Region Size: 1M
 Heap Min Capacity: 8M
 Heap Initial Capacity: 32M
 Heap Max Capacity: 490M
 Pre-touch: Disabled
 Parallel Workers: 4
 Concurrent Workers: 1
 Concurrent Refinement Workers: 4
 Periodic GC: Disabled
Heap:
 garbage-first heap   total reserved 501760K, committed 49152K, used 42948K [0x00000000e1600000, 0x0000000100000000)
  region size 1024K, 15 young (15360K), 0 survivors (0K)
 Metaspace       used 66624K, committed 67200K, reserved 1114112K
  class space    used 9474K, committed 9728K, reserved 1048576K
GC Heap History (20 events):
Event: 16.307 GC heap before
{Heap before GC invocations=14 (full 0):
 garbage-first heap   total reserved 501760K, committed 32768K, used 26557K [0x00000000e1600000, 0x0000000100000000)
  region size 1024K, 10 young (10240K), 2 survivors (2048K)
 Metaspace       used 31771K, committed 32256K, reserved 1114112K
  class space    used 4262K, committed 4480K, reserved 1048576K
}
Event: 16.322 GC heap after
{Heap after GC invocations=15 (full 0):
 garbage-first heap   total reserved 501760K, committed 39936K, used 19021K [0x00000000e1600000, 0x0000000100000000)
  region size 1024K, 2 young (2048K), 2 survivors (2048K)
 Metaspace       used 31771K, committed 32256K, reserved 1114112K
  class space    used 4262K, committed 4480K, reserved 1048576K
}
Event: 18.281 GC heap before
{Heap before GC invocations=15 (full 0):
 garbage-first heap   total reserved 501760K, committed 39936K, used 33357K [0x00000000e1600000, 0x0000000100000000)
  region size 1024K, 17 young (17408K), 2 survivors (2048K)
 Metaspace       used 35724K, committed 36224K, reserved 1114112K
  class space    used 4839K, committed 5056K, reserved 1048576K
}
Event: 18.297 GC heap after
{Heap after GC invocations=16 (full 0):
 garbage-first heap   total reserved 501760K, committed 39936K, used 19949K [0x00000000e1600000, 0x0000000100000000)
  region size 1024K, 2 young (2048K), 2 survivors (2048K)
 Metaspace       used 35724K, committed 36224K, reserved 1114112K
  class space    used 4839K, committed 5056K, reserved 1048576K
}
Event: 20.573 GC heap before
{Heap before GC invocations=16 (full 0):
 garbage-first heap   total reserved 501760K, committed 39936K, used 33261K [0x00000000e1600000, 0x0000000100000000)
  region size 1024K, 16 young (16384K), 2 survivors (2048K)
 Metaspace       used 39191K, committed 39680K, reserved 1114112K
  class space    used 5420K, committed 5632K, reserved 1048576K
}
Event: 20.586 GC heap after
{Heap after GC invocations=17 (full 0):
 garbage-first heap   total reserved 501760K, committed 39936K, used 20793K [0x00000000e1600000, 0x0000000100000000)
  region size 1024K, 2 young (2048K), 2 survivors (2048K)
 Metaspace       used 39191K, committed 39680K, reserved 1114112K
  class space    used 5420K, committed 5632K, reserved 1048576K
}
Event: 22.859 GC heap before
{Heap before GC invocations=18 (full 0):
 garbage-first heap   total reserved 501760K, committed 39936K, used 34105K [0x00000000e1600000, 0x0000000100000000)
  region size 1024K, 15 young (15360K), 2 survivors (2048K)
 Metaspace       used 46473K, committed 46976K, reserved 1114112K
  class space    used 6272K, committed 6464K, reserved 1048576K
}
Event: 22.874 GC heap after
{Heap after GC invocations=19 (full 0):
 garbage-first heap   total reserved 501760K, committed 39936K, used 22708K [0x00000000e1600000, 0x0000000100000000)
  region size 1024K, 2 young (2048K), 2 survivors (2048K)
 Metaspace       used 46473K, committed 46976K, reserved 1114112K
  class space    used 6272K, committed 6464K, reserved 1048576K
}
Event: 23.594 GC heap before
{Heap before GC invocations=19 (full 0):
 garbage-first heap   total reserved 501760K, committed 39936K, used 33972K [0x00000000e1600000, 0x0000000100000000)
  region size 1024K, 13 young (13312K), 2 survivors (2048K)
 Metaspace       used 48970K, committed 49472K, reserved 1114112K
  class space    used 6631K, committed 6848K, reserved 1048576K
}
Event: 23.610 GC heap after
{Heap after GC invocations=20 (full 0):
 garbage-first heap   total reserved 501760K, committed 39936K, used 23552K [0x00000000e1600000, 0x0000000100000000)
  region size 1024K, 1 young (1024K), 1 survivors (1024K)
 Metaspace       used 48970K, committed 49472K, reserved 1114112K
  class space    used 6631K, committed 6848K, reserved 1048576K
}
Event: 24.350 GC heap before
{Heap before GC invocations=20 (full 0):
 garbage-first heap   total reserved 501760K, committed 39936K, used 34816K [0x00000000e1600000, 0x0000000100000000)
  region size 1024K, 13 young (13312K), 1 survivors (1024K)
 Metaspace       used 51487K, committed 52032K, reserved 1114112K
  class space    used 6956K, committed 7168K, reserved 1048576K
}
Event: 24.359 GC heap after
{Heap after GC invocations=21 (full 0):
 garbage-first heap   total reserved 501760K, committed 39936K, used 24256K [0x00000000e1600000, 0x0000000100000000)
  region size 1024K, 2 young (2048K), 2 survivors (2048K)
 Metaspace       used 51487K, committed 52032K, reserved 1114112K
  class space    used 6956K, committed 7168K, reserved 1048576K
}
Event: 25.317 GC heap before
{Heap before GC invocations=22 (full 0):
 garbage-first heap   total reserved 501760K, committed 40960K, used 34496K [0x00000000e1600000, 0x0000000100000000)
  region size 1024K, 13 young (13312K), 2 survivors (2048K)
 Metaspace       used 55798K, committed 56384K, reserved 1114112K
  class space    used 7631K, committed 7872K, reserved 1048576K
}
Event: 25.328 GC heap after
{Heap after GC invocations=23 (full 0):
 garbage-first heap   total reserved 501760K, committed 40960K, used 24731K [0x00000000e1600000, 0x0000000100000000)
  region size 1024K, 2 young (2048K), 2 survivors (2048K)
 Metaspace       used 55798K, committed 56384K, reserved 1114112K
  class space    used 7631K, committed 7872K, reserved 1048576K
}
Event: 26.528 GC heap before
{Heap before GC invocations=23 (full 0):
 garbage-first heap   total reserved 501760K, committed 40960K, used 35995K [0x00000000e1600000, 0x0000000100000000)
  region size 1024K, 13 young (13312K), 2 survivors (2048K)
 Metaspace       used 58673K, committed 59264K, reserved 1114112K
  class space    used 8134K, committed 8384K, reserved 1048576K
}
Event: 26.544 GC heap after
{Heap after GC invocations=24 (full 0):
 garbage-first heap   total reserved 501760K, committed 40960K, used 24877K [0x00000000e1600000, 0x0000000100000000)
  region size 1024K, 1 young (1024K), 1 survivors (1024K)
 Metaspace       used 58673K, committed 59264K, reserved 1114112K
  class space    used 8134K, committed 8384K, reserved 1048576K
}
Event: 32.309 GC heap before
{Heap before GC invocations=24 (full 0):
 garbage-first heap   total reserved 501760K, committed 40960K, used 37165K [0x00000000e1600000, 0x0000000100000000)
  region size 1024K, 13 young (13312K), 1 survivors (1024K)
 Metaspace       used 61293K, committed 61888K, reserved 1114112K
  class space    used 8488K, committed 8768K, reserved 1048576K
}
Event: 32.328 GC heap after
{Heap after GC invocations=25 (full 0):
 garbage-first heap   total reserved 501760K, committed 49152K, used 25901K [0x00000000e1600000, 0x0000000100000000)
  region size 1024K, 2 young (2048K), 2 survivors (2048K)
 Metaspace       used 61293K, committed 61888K, reserved 1114112K
  class space    used 8488K, committed 8768K, reserved 1048576K
}
Event: 34.297 GC heap before
{Heap before GC invocations=26 (full 0):
 garbage-first heap   total reserved 501760K, committed 49152K, used 42285K [0x00000000e1600000, 0x0000000100000000)
  region size 1024K, 19 young (19456K), 2 survivors (2048K)
 Metaspace       used 64880K, committed 65536K, reserved 1114112K
  class space    used 9107K, committed 9408K, reserved 1048576K
}
Event: 34.337 GC heap after
{Heap after GC invocations=27 (full 0):
 garbage-first heap   total reserved 501760K, committed 49152K, used 27588K [0x00000000e1600000, 0x0000000100000000)
  region size 1024K, 3 young (3072K), 3 survivors (3072K)
 Metaspace       used 64880K, committed 65536K, reserved 1114112K
  class space    used 9107K, committed 9408K, reserved 1048576K
}

